MPASM  5.44                      MICROC~1.ASM   3-3-2020  12:45:46         PAGE  1


LOC  OBJECT CODE     LINE SOURCE TEXT
  VALUE

                      00001 
                      00002 ; PICBASIC PRO(TM) Compiler 2.60, (c) 1998, 2009 microEngineering Labs, Inc. All Rights Reserved. 
  00000001            00003 _USED                   EQU     1
                      00004 
                      00005         INCLUDE "C:\PBP\16F628.INC"
                      00001 ;****************************************************************
                      00002 ;*  16F628.INC                                                  *
                      00003 ;*                                                              *
                      00004 ;*  By        : Leonard Zerman, Jeff Schmoyer                   *
                      00005 ;*  Notice    : Copyright (c) 2002 microEngineering Labs, Inc.  *
                      00006 ;*              All Rights Reserved                             *
                      00007 ;*  Date      : 09/27/02                                        *
                      00008 ;*  Version   : 2.43                                            *
                      00009 ;*  Notes     :                                                 *
                      00010 ;****************************************************************
                      00019         LIST
                      00020         LIST p = 16F628, r = dec, w = -302
                      00021         INCLUDE "P16F628.INC"   ; MPASM  Header
                      00001         LIST
                      00002 
                      00003 ;==========================================================================
                      00004 ;  MPASM PIC16F628 processor include
                      00005 ; 
                      00006 ;  (c) Copyright 1999-2012 Microchip Technology, All rights reserved
                      00007 ;==========================================================================
                      00008 
                      00381         LIST
2007   3F65           00022         __config _XT_OSC & _WDT_ON & _PWRTE_ON & _MCLRE_ON & _LVP_OFF & _CP_OFF
                      00025         LIST
                      00006 
  00000020            00007 RAM_START                       EQU     00020h
  0000014F            00008 RAM_END                         EQU     0014Fh
  00000003            00009 RAM_BANKS                       EQU     00003h
  00000020            00010 BANK0_START                     EQU     00020h
  0000007F            00011 BANK0_END                       EQU     0007Fh
  000000A0            00012 BANK1_START                     EQU     000A0h
  000000EF            00013 BANK1_END                       EQU     000EFh
  00000120            00014 BANK2_START                     EQU     00120h
  0000014F            00015 BANK2_END                       EQU     0014Fh
  00002100            00016 EEPROM_START                    EQU     02100h
  0000217F            00017 EEPROM_END                      EQU     0217Fh
                      00018 
                      00019 ; C:\PBP\PBPPIC14.RAM           00012   A00020  R0      VAR     WORD BANK0 SYSTEM       ' System Registe
                            r
  00000020            00020 R0                              EQU     RAM_START + 000h
                      00021 ; C:\PBP\PBPPIC14.RAM           00013   A00022  R1      VAR     WORD BANK0 SYSTEM       ' System Registe
                            r
  00000022            00022 R1                              EQU     RAM_START + 002h
                      00023 ; C:\PBP\PBPPIC14.RAM           00014   A00024  R2      VAR     WORD BANK0 SYSTEM       ' System Registe
                            r
  00000024            00024 R2                              EQU     RAM_START + 004h
                      00025 ; C:\PBP\PBPPIC14.RAM           00015   A00026  R3      VAR     WORD BANK0 SYSTEM       ' System Registe
                            r
MPASM  5.44                      MICROC~1.ASM   3-3-2020  12:45:46         PAGE  2


LOC  OBJECT CODE     LINE SOURCE TEXT
  VALUE

  00000026            00026 R3                              EQU     RAM_START + 006h
                      00027 ; C:\PBP\PBPPIC14.RAM           00016   A00028  R4      VAR     WORD BANK0 SYSTEM       ' System Registe
                            r
  00000028            00028 R4                              EQU     RAM_START + 008h
                      00029 ; C:\PBP\PBPPIC14.RAM           00017   A0002A  R5      VAR     WORD BANK0 SYSTEM       ' System Registe
                            r
  0000002A            00030 R5                              EQU     RAM_START + 00Ah
                      00031 ; C:\PBP\PBPPIC14.RAM           00018   A0002C  R6      VAR     WORD BANK0 SYSTEM       ' System Registe
                            r
  0000002C            00032 R6                              EQU     RAM_START + 00Ch
                      00033 ; C:\PBP\PBPPIC14.RAM           00019   A0002E  R7      VAR     WORD BANK0 SYSTEM       ' System Registe
                            r
  0000002E            00034 R7                              EQU     RAM_START + 00Eh
                      00035 ; C:\PBP\PBPPIC14.RAM           00020   A00030  R8      VAR     WORD BANK0 SYSTEM       ' System Registe
                            r
  00000030            00036 R8                              EQU     RAM_START + 010h
                      00037 ; C:\PBP\PBPPIC14.RAM           00026   A00032  FLAGS   VAR     BYTE BANK0 SYSTEM       ' Static flags
  00000032            00038 FLAGS                           EQU     RAM_START + 012h
                      00039 ; C:\PBP\PBPPIC14.RAM           00025   A00033  GOP     VAR     BYTE BANK0 SYSTEM       ' Gen Op Paramet
                            er
  00000033            00040 GOP                             EQU     RAM_START + 013h
                      00041 ; C:\PBP\PBPPIC14.RAM           00022   A00034  RM1     VAR     BYTE BANK0 SYSTEM       ' Pin 1 Mask
  00000034            00042 RM1                             EQU     RAM_START + 014h
                      00043 ; C:\PBP\PBPPIC14.RAM           00024   A00035  RM2     VAR     BYTE BANK0 SYSTEM       ' Pin 2 Mask
  00000035            00044 RM2                             EQU     RAM_START + 015h
                      00045 ; C:\PBP\PBPPIC14.RAM           00021   A00036  RR1     VAR     BYTE BANK0 SYSTEM       ' Pin 1 Register
  00000036            00046 RR1                             EQU     RAM_START + 016h
                      00047 ; C:\PBP\PBPPIC14.RAM           00023   A00037  RR2     VAR     BYTE BANK0 SYSTEM       ' Pin 2 Register
  00000037            00048 RR2                             EQU     RAM_START + 017h
                      00049 ; C:\PBP\16F628.BAS             00020   PORTL   VAR     PORTB
  00000006            00050 _PORTL                          EQU      PORTB
                      00051 ; C:\PBP\16F628.BAS             00021   PORTH   VAR     PORTA
  00000005            00052 _PORTH                          EQU      PORTA
                      00053 ; C:\PBP\16F628.BAS             00022   TRISL   VAR     TRISB
  00000086            00054 _TRISL                          EQU      TRISB
                      00055 ; C:\PBP\16F628.BAS             00023   TRISH   VAR     TRISA
  00000085            00056 _TRISH                          EQU      TRISA
                      00057 #define _PORTA??0                PORTA, 000h
                      00058 #define _PORTA??1                PORTA, 001h
                      00059 #define _PORTA??2                PORTA, 002h
                      00060 #define _PORTA??3                PORTA, 003h
                      00061 #define _PORTA??4                PORTA, 004h
                      00062 #define _PORTB??0                PORTB, 000h
                      00063 #define _PORTB??1                PORTB, 001h
                      00064 #define _PORTB??2                PORTB, 002h
                      00065         INCLUDE "MICROC~1.MAC"
                      00001 
                      00006         LIST
                      00066         INCLUDE "C:\PBP\PBPPIC14.LIB"
                      00001 ;******************************************************************
                      00002 ;*  PBPPIC14.LIB                                                  *
                      00003 ;*                                                                *
                      00004 ;*  By        : Leonard Zerman, Jeff Schmoyer                     *
MPASM  5.44                      MICROC~1.ASM   3-3-2020  12:45:46         PAGE  3


LOC  OBJECT CODE     LINE SOURCE TEXT
  VALUE

                      00005 ;*  Notice    : Copyright (c) 2009 microEngineering Labs, Inc.    *
                      00006 ;*              All Rights Reserved                               *
                      00007 ;*  Date      : 07/08/09                                          *
                      00008 ;*  Version   : 2.60                                              *
                      00009 ;*  Notes     :                                                   *
                      00010 ;******************************************************************
                      00054   LIST
                      00055 ; Oscillator is 4MHz
                      01133   LIST
0000                  01134     ORG RESET_ORG               ; Reset vector usually at 0
                      01149   LIST
0000   2801           01150         goto    INIT            ; Finish initialization
                      07797   LIST
0001                  07798 INIT
                      07836   LIST
0001                  07837 main
                      00067 
                      00068 
                      00069 ; C:\PBP\16F628.BAS             00012   BANK0   $0020, $007F
                      00070 ; C:\PBP\16F628.BAS             00013   BANK1   $00A0, $00EF
                      00071 ; C:\PBP\16F628.BAS             00014   BANK2   $0120, $014F
                      00072 ; C:\PBP\16F628.BAS             00015   EEPROM  $2100, $217F
                      00073 ; C:\PBP\16F628.BAS             00016   LIBRARY "PBPPIC14"
                      00074 
                      00075 ; C:\PBP\16F628.BAS             00018           include "PIC14EXT.BAS"
                      00076 
                      00077 ; C:\PBP\16F628.BAS             00025           include "PBPPIC14.RAM"
                      00078 
                      00079 ; C:\USERS\EMRULLAH\DESKTOP\MICROIþLEMCI UYGULAMALARý\8LED BUTONLU\MICROC~1.PBP 00011        TRISA=%0000
                            0        'A portu Çýkýþ olarak ayarlandý
                      00080         MOVE?CB 000h, TRISA
                          M         CHK?RP  TRISA
                          M     if (((TRISA) & 180h) == 0)
                          M       if (PREV_BANK == 1)
                          M         bcf     STATUS, RP0
                          M       endif
                          M       if (PREV_BANK == 2)
                          M         bcf     STATUS, RP1
                          M       endif
                          M       if (PREV_BANK == 3)
                          M         bcf     STATUS, RP0
                          M         bcf     STATUS, RP1
                          M       endif
                          M PREV_BANK = 0
                          M     endif
                          M 
                          M     if (((TRISA) & 180h) == 80h)
                          M       if (PREV_BANK == 0)
0001   1683               M         bsf     STATUS, RP0
                          M       endif
                          M       if (PREV_BANK == 2)
                          M         bsf     STATUS, RP0
                          M         bcf     STATUS, RP1
MPASM  5.44                      MICROC~1.ASM   3-3-2020  12:45:46         PAGE  4


LOC  OBJECT CODE     LINE SOURCE TEXT
  VALUE

                          M       endif
                          M       if (PREV_BANK == 3)
                          M         bcf     STATUS, RP1
                          M       endif
  00000001                M PREV_BANK = 1
                          M     endif
                          M 
                          M     if (((TRISA) & 180h) == 100h)
                          M       if (PREV_BANK == 0)
                          M         bsf     STATUS, RP1
                          M       endif
                          M       if (PREV_BANK == 1)
                          M         bcf     STATUS, RP0
                          M         bsf     STATUS, RP1
                          M       endif
                          M       if (PREV_BANK == 3)
                          M         bcf     STATUS, RP0
                          M       endif
                          M PREV_BANK = 2
                          M     endif
                          M 
                          M     if (((TRISA) & 180h) == 180h)
                          M       if (PREV_BANK == 0)
                          M         bsf     STATUS, RP0
                          M         bsf     STATUS, RP1
                          M       endif
                          M       if (PREV_BANK == 1)
                          M         bsf     STATUS, RP1
                          M       endif
                          M       if (PREV_BANK == 2)
                          M         bsf     STATUS, RP0
                          M       endif
                          M PREV_BANK = 3
                          M     endif
                          M     if (low (000h) == 0)
0002   0185               M         clrf    TRISA
                          M     else
                          M         movlw   low (000h)
                          M         movwf   TRISA
                          M     endif
                      00081 
                      00082 ; C:\USERS\EMRULLAH\DESKTOP\MICROIþLEMCI UYGULAMALARý\8LED BUTONLU\MICROC~1.PBP 00012        TRISB=%0000
                            0        'B portu Çýkýþ olarak ayarlandý
                      00083         MOVE?CB 000h, TRISB
                          M         CHK?RP  TRISB
                          M     if (((TRISB) & 180h) == 0)
                          M       if (PREV_BANK == 1)
                          M         bcf     STATUS, RP0
                          M       endif
                          M       if (PREV_BANK == 2)
                          M         bcf     STATUS, RP1
                          M       endif
                          M       if (PREV_BANK == 3)
MPASM  5.44                      MICROC~1.ASM   3-3-2020  12:45:46         PAGE  5


LOC  OBJECT CODE     LINE SOURCE TEXT
  VALUE

                          M         bcf     STATUS, RP0
                          M         bcf     STATUS, RP1
                          M       endif
                          M PREV_BANK = 0
                          M     endif
                          M 
                          M     if (((TRISB) & 180h) == 80h)
                          M       if (PREV_BANK == 0)
                          M         bsf     STATUS, RP0
                          M       endif
                          M       if (PREV_BANK == 2)
                          M         bsf     STATUS, RP0
                          M         bcf     STATUS, RP1
                          M       endif
                          M       if (PREV_BANK == 3)
                          M         bcf     STATUS, RP1
                          M       endif
  00000001                M PREV_BANK = 1
                          M     endif
                          M 
                          M     if (((TRISB) & 180h) == 100h)
                          M       if (PREV_BANK == 0)
                          M         bsf     STATUS, RP1
                          M       endif
                          M       if (PREV_BANK == 1)
                          M         bcf     STATUS, RP0
                          M         bsf     STATUS, RP1
                          M       endif
                          M       if (PREV_BANK == 3)
                          M         bcf     STATUS, RP0
                          M       endif
                          M PREV_BANK = 2
                          M     endif
                          M 
                          M     if (((TRISB) & 180h) == 180h)
                          M       if (PREV_BANK == 0)
                          M         bsf     STATUS, RP0
                          M         bsf     STATUS, RP1
                          M       endif
                          M       if (PREV_BANK == 1)
                          M         bsf     STATUS, RP1
                          M       endif
                          M       if (PREV_BANK == 2)
                          M         bsf     STATUS, RP0
                          M       endif
                          M PREV_BANK = 3
                          M     endif
                          M     if (low (000h) == 0)
0003   0186               M         clrf    TRISB
                          M     else
                          M         movlw   low (000h)
                          M         movwf   TRISB
                          M     endif
MPASM  5.44                      MICROC~1.ASM   3-3-2020  12:45:46         PAGE  6


LOC  OBJECT CODE     LINE SOURCE TEXT
  VALUE

                      00084 
                      00085 ; C:\USERS\EMRULLAH\DESKTOP\MICROIþLEMCI UYGULAMALARý\8LED BUTONLU\MICROC~1.PBP 00013   PORTA=0         
                                     'A portu tüm çýkýþlar low (0)
                      00086         MOVE?CB 000h, PORTA
                          M         CHK?RP  PORTA
                          M     if (((PORTA) & 180h) == 0)
                          M       if (PREV_BANK == 1)
0004   1283               M         bcf     STATUS, RP0
                          M       endif
                          M       if (PREV_BANK == 2)
                          M         bcf     STATUS, RP1
                          M       endif
                          M       if (PREV_BANK == 3)
                          M         bcf     STATUS, RP0
                          M         bcf     STATUS, RP1
                          M       endif
  00000000                M PREV_BANK = 0
                          M     endif
                          M 
                          M     if (((PORTA) & 180h) == 80h)
                          M       if (PREV_BANK == 0)
                          M         bsf     STATUS, RP0
                          M       endif
                          M       if (PREV_BANK == 2)
                          M         bsf     STATUS, RP0
                          M         bcf     STATUS, RP1
                          M       endif
                          M       if (PREV_BANK == 3)
                          M         bcf     STATUS, RP1
                          M       endif
                          M PREV_BANK = 1
                          M     endif
                          M 
                          M     if (((PORTA) & 180h) == 100h)
                          M       if (PREV_BANK == 0)
                          M         bsf     STATUS, RP1
                          M       endif
                          M       if (PREV_BANK == 1)
                          M         bcf     STATUS, RP0
                          M         bsf     STATUS, RP1
                          M       endif
                          M       if (PREV_BANK == 3)
                          M         bcf     STATUS, RP0
                          M       endif
                          M PREV_BANK = 2
                          M     endif
                          M 
                          M     if (((PORTA) & 180h) == 180h)
                          M       if (PREV_BANK == 0)
                          M         bsf     STATUS, RP0
                          M         bsf     STATUS, RP1
                          M       endif
                          M       if (PREV_BANK == 1)
MPASM  5.44                      MICROC~1.ASM   3-3-2020  12:45:46         PAGE  7


LOC  OBJECT CODE     LINE SOURCE TEXT
  VALUE

                          M         bsf     STATUS, RP1
                          M       endif
                          M       if (PREV_BANK == 2)
                          M         bsf     STATUS, RP0
                          M       endif
                          M PREV_BANK = 3
                          M     endif
                          M     if (low (000h) == 0)
0005   0185               M         clrf    PORTA
                          M     else
                          M         movlw   low (000h)
                          M         movwf   PORTA
                          M     endif
                      00087 
                      00088 ; C:\USERS\EMRULLAH\DESKTOP\MICROIþLEMCI UYGULAMALARý\8LED BUTONLU\MICROC~1.PBP 00014   PORTB=0         
                                         'B portu tüm çýkýþlar low (0)
                      00089         MOVE?CB 000h, PORTB
                          M         CHK?RP  PORTB
                          M     if (((PORTB) & 180h) == 0)
                          M       if (PREV_BANK == 1)
                          M         bcf     STATUS, RP0
                          M       endif
                          M       if (PREV_BANK == 2)
                          M         bcf     STATUS, RP1
                          M       endif
                          M       if (PREV_BANK == 3)
                          M         bcf     STATUS, RP0
                          M         bcf     STATUS, RP1
                          M       endif
  00000000                M PREV_BANK = 0
                          M     endif
                          M 
                          M     if (((PORTB) & 180h) == 80h)
                          M       if (PREV_BANK == 0)
                          M         bsf     STATUS, RP0
                          M       endif
                          M       if (PREV_BANK == 2)
                          M         bsf     STATUS, RP0
                          M         bcf     STATUS, RP1
                          M       endif
                          M       if (PREV_BANK == 3)
                          M         bcf     STATUS, RP1
                          M       endif
                          M PREV_BANK = 1
                          M     endif
                          M 
                          M     if (((PORTB) & 180h) == 100h)
                          M       if (PREV_BANK == 0)
                          M         bsf     STATUS, RP1
                          M       endif
                          M       if (PREV_BANK == 1)
                          M         bcf     STATUS, RP0
                          M         bsf     STATUS, RP1
MPASM  5.44                      MICROC~1.ASM   3-3-2020  12:45:46         PAGE  8


LOC  OBJECT CODE     LINE SOURCE TEXT
  VALUE

                          M       endif
                          M       if (PREV_BANK == 3)
                          M         bcf     STATUS, RP0
                          M       endif
                          M PREV_BANK = 2
                          M     endif
                          M 
                          M     if (((PORTB) & 180h) == 180h)
                          M       if (PREV_BANK == 0)
                          M         bsf     STATUS, RP0
                          M         bsf     STATUS, RP1
                          M       endif
                          M       if (PREV_BANK == 1)
                          M         bsf     STATUS, RP1
                          M       endif
                          M       if (PREV_BANK == 2)
                          M         bsf     STATUS, RP0
                          M       endif
                          M PREV_BANK = 3
                          M     endif
                          M     if (low (000h) == 0)
0006   0186               M         clrf    PORTB
                          M     else
                          M         movlw   low (000h)
                          M         movwf   PORTB
                          M     endif
                      00090 
                      00091 ; C:\USERS\EMRULLAH\DESKTOP\MICROIþLEMCI UYGULAMALARý\8LED BUTONLU\MICROC~1.PBP 00015   PortA.0=1
                      00092         MOVE?CT 001h, _PORTA??0
                          M         CHK?RP  PORTA
                          M     if (((PORTA) & 180h) == 0)
                          M       if (PREV_BANK == 1)
                          M         bcf     STATUS, RP0
                          M       endif
                          M       if (PREV_BANK == 2)
                          M         bcf     STATUS, RP1
                          M       endif
                          M       if (PREV_BANK == 3)
                          M         bcf     STATUS, RP0
                          M         bcf     STATUS, RP1
                          M       endif
  00000000                M PREV_BANK = 0
                          M     endif
                          M 
                          M     if (((PORTA) & 180h) == 80h)
                          M       if (PREV_BANK == 0)
                          M         bsf     STATUS, RP0
                          M       endif
                          M       if (PREV_BANK == 2)
                          M         bsf     STATUS, RP0
                          M         bcf     STATUS, RP1
                          M       endif
                          M       if (PREV_BANK == 3)
MPASM  5.44                      MICROC~1.ASM   3-3-2020  12:45:46         PAGE  9


LOC  OBJECT CODE     LINE SOURCE TEXT
  VALUE

                          M         bcf     STATUS, RP1
                          M       endif
                          M PREV_BANK = 1
                          M     endif
                          M 
                          M     if (((PORTA) & 180h) == 100h)
                          M       if (PREV_BANK == 0)
                          M         bsf     STATUS, RP1
                          M       endif
                          M       if (PREV_BANK == 1)
                          M         bcf     STATUS, RP0
                          M         bsf     STATUS, RP1
                          M       endif
                          M       if (PREV_BANK == 3)
                          M         bcf     STATUS, RP0
                          M       endif
                          M PREV_BANK = 2
                          M     endif
                          M 
                          M     if (((PORTA) & 180h) == 180h)
                          M       if (PREV_BANK == 0)
                          M         bsf     STATUS, RP0
                          M         bsf     STATUS, RP1
                          M       endif
                          M       if (PREV_BANK == 1)
                          M         bsf     STATUS, RP1
                          M       endif
                          M       if (PREV_BANK == 2)
                          M         bsf     STATUS, RP0
                          M       endif
                          M PREV_BANK = 3
                          M     endif
                          M     if (((001h) & 1) == 1)
0007   1405               M         bsf     PORTA,  000h
                          M     else
                          M         bcf     PORTA,  000h
                          M     endif
                      00093 
                      00094 ; C:\USERS\EMRULLAH\DESKTOP\MICROIþLEMCI UYGULAMALARý\8LED BUTONLU\MICROC~1.PBP 00016   PortA.1=1
                      00095         MOVE?CT 001h, _PORTA??1
                          M         CHK?RP  PORTA
                          M     if (((PORTA) & 180h) == 0)
                          M       if (PREV_BANK == 1)
                          M         bcf     STATUS, RP0
                          M       endif
                          M       if (PREV_BANK == 2)
                          M         bcf     STATUS, RP1
                          M       endif
                          M       if (PREV_BANK == 3)
                          M         bcf     STATUS, RP0
                          M         bcf     STATUS, RP1
                          M       endif
  00000000                M PREV_BANK = 0
MPASM  5.44                      MICROC~1.ASM   3-3-2020  12:45:46         PAGE 10


LOC  OBJECT CODE     LINE SOURCE TEXT
  VALUE

                          M     endif
                          M 
                          M     if (((PORTA) & 180h) == 80h)
                          M       if (PREV_BANK == 0)
                          M         bsf     STATUS, RP0
                          M       endif
                          M       if (PREV_BANK == 2)
                          M         bsf     STATUS, RP0
                          M         bcf     STATUS, RP1
                          M       endif
                          M       if (PREV_BANK == 3)
                          M         bcf     STATUS, RP1
                          M       endif
                          M PREV_BANK = 1
                          M     endif
                          M 
                          M     if (((PORTA) & 180h) == 100h)
                          M       if (PREV_BANK == 0)
                          M         bsf     STATUS, RP1
                          M       endif
                          M       if (PREV_BANK == 1)
                          M         bcf     STATUS, RP0
                          M         bsf     STATUS, RP1
                          M       endif
                          M       if (PREV_BANK == 3)
                          M         bcf     STATUS, RP0
                          M       endif
                          M PREV_BANK = 2
                          M     endif
                          M 
                          M     if (((PORTA) & 180h) == 180h)
                          M       if (PREV_BANK == 0)
                          M         bsf     STATUS, RP0
                          M         bsf     STATUS, RP1
                          M       endif
                          M       if (PREV_BANK == 1)
                          M         bsf     STATUS, RP1
                          M       endif
                          M       if (PREV_BANK == 2)
                          M         bsf     STATUS, RP0
                          M       endif
                          M PREV_BANK = 3
                          M     endif
                          M     if (((001h) & 1) == 1)
0008   1485               M         bsf     PORTA,  001h
                          M     else
                          M         bcf     PORTA,  001h
                          M     endif
                      00096 
                      00097 ; C:\USERS\EMRULLAH\DESKTOP\MICROIþLEMCI UYGULAMALARý\8LED BUTONLU\MICROC~1.PBP 00017   PortA.2=1
                      00098         MOVE?CT 001h, _PORTA??2
                          M         CHK?RP  PORTA
                          M     if (((PORTA) & 180h) == 0)
MPASM  5.44                      MICROC~1.ASM   3-3-2020  12:45:46         PAGE 11


LOC  OBJECT CODE     LINE SOURCE TEXT
  VALUE

                          M       if (PREV_BANK == 1)
                          M         bcf     STATUS, RP0
                          M       endif
                          M       if (PREV_BANK == 2)
                          M         bcf     STATUS, RP1
                          M       endif
                          M       if (PREV_BANK == 3)
                          M         bcf     STATUS, RP0
                          M         bcf     STATUS, RP1
                          M       endif
  00000000                M PREV_BANK = 0
                          M     endif
                          M 
                          M     if (((PORTA) & 180h) == 80h)
                          M       if (PREV_BANK == 0)
                          M         bsf     STATUS, RP0
                          M       endif
                          M       if (PREV_BANK == 2)
                          M         bsf     STATUS, RP0
                          M         bcf     STATUS, RP1
                          M       endif
                          M       if (PREV_BANK == 3)
                          M         bcf     STATUS, RP1
                          M       endif
                          M PREV_BANK = 1
                          M     endif
                          M 
                          M     if (((PORTA) & 180h) == 100h)
                          M       if (PREV_BANK == 0)
                          M         bsf     STATUS, RP1
                          M       endif
                          M       if (PREV_BANK == 1)
                          M         bcf     STATUS, RP0
                          M         bsf     STATUS, RP1
                          M       endif
                          M       if (PREV_BANK == 3)
                          M         bcf     STATUS, RP0
                          M       endif
                          M PREV_BANK = 2
                          M     endif
                          M 
                          M     if (((PORTA) & 180h) == 180h)
                          M       if (PREV_BANK == 0)
                          M         bsf     STATUS, RP0
                          M         bsf     STATUS, RP1
                          M       endif
                          M       if (PREV_BANK == 1)
                          M         bsf     STATUS, RP1
                          M       endif
                          M       if (PREV_BANK == 2)
                          M         bsf     STATUS, RP0
                          M       endif
                          M PREV_BANK = 3
MPASM  5.44                      MICROC~1.ASM   3-3-2020  12:45:46         PAGE 12


LOC  OBJECT CODE     LINE SOURCE TEXT
  VALUE

                          M     endif
                          M     if (((001h) & 1) == 1)
0009   1505               M         bsf     PORTA,  002h
                          M     else
                          M         bcf     PORTA,  002h
                          M     endif
                      00099 
                      00100 ; C:\USERS\EMRULLAH\DESKTOP\MICROIþLEMCI UYGULAMALARý\8LED BUTONLU\MICROC~1.PBP 00018   PortA.3=1
                      00101         MOVE?CT 001h, _PORTA??3
                          M         CHK?RP  PORTA
                          M     if (((PORTA) & 180h) == 0)
                          M       if (PREV_BANK == 1)
                          M         bcf     STATUS, RP0
                          M       endif
                          M       if (PREV_BANK == 2)
                          M         bcf     STATUS, RP1
                          M       endif
                          M       if (PREV_BANK == 3)
                          M         bcf     STATUS, RP0
                          M         bcf     STATUS, RP1
                          M       endif
  00000000                M PREV_BANK = 0
                          M     endif
                          M 
                          M     if (((PORTA) & 180h) == 80h)
                          M       if (PREV_BANK == 0)
                          M         bsf     STATUS, RP0
                          M       endif
                          M       if (PREV_BANK == 2)
                          M         bsf     STATUS, RP0
                          M         bcf     STATUS, RP1
                          M       endif
                          M       if (PREV_BANK == 3)
                          M         bcf     STATUS, RP1
                          M       endif
                          M PREV_BANK = 1
                          M     endif
                          M 
                          M     if (((PORTA) & 180h) == 100h)
                          M       if (PREV_BANK == 0)
                          M         bsf     STATUS, RP1
                          M       endif
                          M       if (PREV_BANK == 1)
                          M         bcf     STATUS, RP0
                          M         bsf     STATUS, RP1
                          M       endif
                          M       if (PREV_BANK == 3)
                          M         bcf     STATUS, RP0
                          M       endif
                          M PREV_BANK = 2
                          M     endif
                          M 
                          M     if (((PORTA) & 180h) == 180h)
MPASM  5.44                      MICROC~1.ASM   3-3-2020  12:45:46         PAGE 13


LOC  OBJECT CODE     LINE SOURCE TEXT
  VALUE

                          M       if (PREV_BANK == 0)
                          M         bsf     STATUS, RP0
                          M         bsf     STATUS, RP1
                          M       endif
                          M       if (PREV_BANK == 1)
                          M         bsf     STATUS, RP1
                          M       endif
                          M       if (PREV_BANK == 2)
                          M         bsf     STATUS, RP0
                          M       endif
                          M PREV_BANK = 3
                          M     endif
                          M     if (((001h) & 1) == 1)
000A   1585               M         bsf     PORTA,  003h
                          M     else
                          M         bcf     PORTA,  003h
                          M     endif
                      00102 
                      00103 ; C:\USERS\EMRULLAH\DESKTOP\MICROIþLEMCI UYGULAMALARý\8LED BUTONLU\MICROC~1.PBP 00019   PortA.4=1
                      00104         MOVE?CT 001h, _PORTA??4
                          M         CHK?RP  PORTA
                          M     if (((PORTA) & 180h) == 0)
                          M       if (PREV_BANK == 1)
                          M         bcf     STATUS, RP0
                          M       endif
                          M       if (PREV_BANK == 2)
                          M         bcf     STATUS, RP1
                          M       endif
                          M       if (PREV_BANK == 3)
                          M         bcf     STATUS, RP0
                          M         bcf     STATUS, RP1
                          M       endif
  00000000                M PREV_BANK = 0
                          M     endif
                          M 
                          M     if (((PORTA) & 180h) == 80h)
                          M       if (PREV_BANK == 0)
                          M         bsf     STATUS, RP0
                          M       endif
                          M       if (PREV_BANK == 2)
                          M         bsf     STATUS, RP0
                          M         bcf     STATUS, RP1
                          M       endif
                          M       if (PREV_BANK == 3)
                          M         bcf     STATUS, RP1
                          M       endif
                          M PREV_BANK = 1
                          M     endif
                          M 
                          M     if (((PORTA) & 180h) == 100h)
                          M       if (PREV_BANK == 0)
                          M         bsf     STATUS, RP1
                          M       endif
MPASM  5.44                      MICROC~1.ASM   3-3-2020  12:45:46         PAGE 14


LOC  OBJECT CODE     LINE SOURCE TEXT
  VALUE

                          M       if (PREV_BANK == 1)
                          M         bcf     STATUS, RP0
                          M         bsf     STATUS, RP1
                          M       endif
                          M       if (PREV_BANK == 3)
                          M         bcf     STATUS, RP0
                          M       endif
                          M PREV_BANK = 2
                          M     endif
                          M 
                          M     if (((PORTA) & 180h) == 180h)
                          M       if (PREV_BANK == 0)
                          M         bsf     STATUS, RP0
                          M         bsf     STATUS, RP1
                          M       endif
                          M       if (PREV_BANK == 1)
                          M         bsf     STATUS, RP1
                          M       endif
                          M       if (PREV_BANK == 2)
                          M         bsf     STATUS, RP0
                          M       endif
                          M PREV_BANK = 3
                          M     endif
                          M     if (((001h) & 1) == 1)
000B   1605               M         bsf     PORTA,  004h
                          M     else
                          M         bcf     PORTA,  004h
                          M     endif
                      00105 
                      00106 ; C:\USERS\EMRULLAH\DESKTOP\MICROIþLEMCI UYGULAMALARý\8LED BUTONLU\MICROC~1.PBP 00020   PortB.0=1
                      00107         MOVE?CT 001h, _PORTB??0
                          M         CHK?RP  PORTB
                          M     if (((PORTB) & 180h) == 0)
                          M       if (PREV_BANK == 1)
                          M         bcf     STATUS, RP0
                          M       endif
                          M       if (PREV_BANK == 2)
                          M         bcf     STATUS, RP1
                          M       endif
                          M       if (PREV_BANK == 3)
                          M         bcf     STATUS, RP0
                          M         bcf     STATUS, RP1
                          M       endif
  00000000                M PREV_BANK = 0
                          M     endif
                          M 
                          M     if (((PORTB) & 180h) == 80h)
                          M       if (PREV_BANK == 0)
                          M         bsf     STATUS, RP0
                          M       endif
                          M       if (PREV_BANK == 2)
                          M         bsf     STATUS, RP0
                          M         bcf     STATUS, RP1
MPASM  5.44                      MICROC~1.ASM   3-3-2020  12:45:46         PAGE 15


LOC  OBJECT CODE     LINE SOURCE TEXT
  VALUE

                          M       endif
                          M       if (PREV_BANK == 3)
                          M         bcf     STATUS, RP1
                          M       endif
                          M PREV_BANK = 1
                          M     endif
                          M 
                          M     if (((PORTB) & 180h) == 100h)
                          M       if (PREV_BANK == 0)
                          M         bsf     STATUS, RP1
                          M       endif
                          M       if (PREV_BANK == 1)
                          M         bcf     STATUS, RP0
                          M         bsf     STATUS, RP1
                          M       endif
                          M       if (PREV_BANK == 3)
                          M         bcf     STATUS, RP0
                          M       endif
                          M PREV_BANK = 2
                          M     endif
                          M 
                          M     if (((PORTB) & 180h) == 180h)
                          M       if (PREV_BANK == 0)
                          M         bsf     STATUS, RP0
                          M         bsf     STATUS, RP1
                          M       endif
                          M       if (PREV_BANK == 1)
                          M         bsf     STATUS, RP1
                          M       endif
                          M       if (PREV_BANK == 2)
                          M         bsf     STATUS, RP0
                          M       endif
                          M PREV_BANK = 3
                          M     endif
                          M     if (((001h) & 1) == 1)
000C   1406               M         bsf     PORTB,  000h
                          M     else
                          M         bcf     PORTB,  000h
                          M     endif
                      00108 
                      00109 ; C:\USERS\EMRULLAH\DESKTOP\MICROIþLEMCI UYGULAMALARý\8LED BUTONLU\MICROC~1.PBP 00021   PortB.1=1
                      00110         MOVE?CT 001h, _PORTB??1
                          M         CHK?RP  PORTB
                          M     if (((PORTB) & 180h) == 0)
                          M       if (PREV_BANK == 1)
                          M         bcf     STATUS, RP0
                          M       endif
                          M       if (PREV_BANK == 2)
                          M         bcf     STATUS, RP1
                          M       endif
                          M       if (PREV_BANK == 3)
                          M         bcf     STATUS, RP0
                          M         bcf     STATUS, RP1
MPASM  5.44                      MICROC~1.ASM   3-3-2020  12:45:46         PAGE 16


LOC  OBJECT CODE     LINE SOURCE TEXT
  VALUE

                          M       endif
  00000000                M PREV_BANK = 0
                          M     endif
                          M 
                          M     if (((PORTB) & 180h) == 80h)
                          M       if (PREV_BANK == 0)
                          M         bsf     STATUS, RP0
                          M       endif
                          M       if (PREV_BANK == 2)
                          M         bsf     STATUS, RP0
                          M         bcf     STATUS, RP1
                          M       endif
                          M       if (PREV_BANK == 3)
                          M         bcf     STATUS, RP1
                          M       endif
                          M PREV_BANK = 1
                          M     endif
                          M 
                          M     if (((PORTB) & 180h) == 100h)
                          M       if (PREV_BANK == 0)
                          M         bsf     STATUS, RP1
                          M       endif
                          M       if (PREV_BANK == 1)
                          M         bcf     STATUS, RP0
                          M         bsf     STATUS, RP1
                          M       endif
                          M       if (PREV_BANK == 3)
                          M         bcf     STATUS, RP0
                          M       endif
                          M PREV_BANK = 2
                          M     endif
                          M 
                          M     if (((PORTB) & 180h) == 180h)
                          M       if (PREV_BANK == 0)
                          M         bsf     STATUS, RP0
                          M         bsf     STATUS, RP1
                          M       endif
                          M       if (PREV_BANK == 1)
                          M         bsf     STATUS, RP1
                          M       endif
                          M       if (PREV_BANK == 2)
                          M         bsf     STATUS, RP0
                          M       endif
                          M PREV_BANK = 3
                          M     endif
                          M     if (((001h) & 1) == 1)
000D   1486               M         bsf     PORTB,  001h
                          M     else
                          M         bcf     PORTB,  001h
                          M     endif
                      00111 
                      00112 ; C:\USERS\EMRULLAH\DESKTOP\MICROIþLEMCI UYGULAMALARý\8LED BUTONLU\MICROC~1.PBP 00022   PortB.2=1
                      00113         MOVE?CT 001h, _PORTB??2
MPASM  5.44                      MICROC~1.ASM   3-3-2020  12:45:46         PAGE 17


LOC  OBJECT CODE     LINE SOURCE TEXT
  VALUE

                          M         CHK?RP  PORTB
                          M     if (((PORTB) & 180h) == 0)
                          M       if (PREV_BANK == 1)
                          M         bcf     STATUS, RP0
                          M       endif
                          M       if (PREV_BANK == 2)
                          M         bcf     STATUS, RP1
                          M       endif
                          M       if (PREV_BANK == 3)
                          M         bcf     STATUS, RP0
                          M         bcf     STATUS, RP1
                          M       endif
  00000000                M PREV_BANK = 0
                          M     endif
                          M 
                          M     if (((PORTB) & 180h) == 80h)
                          M       if (PREV_BANK == 0)
                          M         bsf     STATUS, RP0
                          M       endif
                          M       if (PREV_BANK == 2)
                          M         bsf     STATUS, RP0
                          M         bcf     STATUS, RP1
                          M       endif
                          M       if (PREV_BANK == 3)
                          M         bcf     STATUS, RP1
                          M       endif
                          M PREV_BANK = 1
                          M     endif
                          M 
                          M     if (((PORTB) & 180h) == 100h)
                          M       if (PREV_BANK == 0)
                          M         bsf     STATUS, RP1
                          M       endif
                          M       if (PREV_BANK == 1)
                          M         bcf     STATUS, RP0
                          M         bsf     STATUS, RP1
                          M       endif
                          M       if (PREV_BANK == 3)
                          M         bcf     STATUS, RP0
                          M       endif
                          M PREV_BANK = 2
                          M     endif
                          M 
                          M     if (((PORTB) & 180h) == 180h)
                          M       if (PREV_BANK == 0)
                          M         bsf     STATUS, RP0
                          M         bsf     STATUS, RP1
                          M       endif
                          M       if (PREV_BANK == 1)
                          M         bsf     STATUS, RP1
                          M       endif
                          M       if (PREV_BANK == 2)
                          M         bsf     STATUS, RP0
MPASM  5.44                      MICROC~1.ASM   3-3-2020  12:45:46         PAGE 18


LOC  OBJECT CODE     LINE SOURCE TEXT
  VALUE

                          M       endif
                          M PREV_BANK = 3
                          M     endif
                          M     if (((001h) & 1) == 1)
000E   1506               M         bsf     PORTB,  002h
                          M     else
                          M         bcf     PORTB,  002h
                          M     endif
                      00114 
                      00115         END
MPASM  5.44                      MICROC~1.ASM   3-3-2020  12:45:46         PAGE 19


SYMBOL TABLE
  LABEL                             VALUE 

ADC_BITS                          00000008
ADC_CLOCK                         00000003
ADC_SAMPLEUS                      00000032
ADDEN                             00000003
ADEN                              00000003
BANK0_END                         0000007F
BANK0_START                       00000020
BANK1_END                         000000EF
BANK1_START                       000000A0
BANK2_END                         0000014F
BANK2_START                       00000120
BIT?FLIP                          
BIT?FW                            
BIT?GOTO                          
BIT?R1                            
BIT?R2                            
BIT?W                             
BRGH                              00000002
BUTTON_PAUSE                      0000000A
C                                 00000000
C1INV                             00000004
C1OUT                             00000006
C2INV                             00000005
C2OUT                             00000007
CCP1CON                           00000017
CCP1IE                            00000002
CCP1IF                            00000002
CCP1M0                            00000000
CCP1M1                            00000001
CCP1M2                            00000002
CCP1M3                            00000003
CCP1X                             00000005
CCP1Y                             00000004
CCP1_BIT                          00000003
CCP1_REG                          00000006
CCPR1                             00000015
CCPR1H                            00000016
CCPR1L                            00000015
CHK?RP                            
CIS                               00000003
CLRWDT?                           
CLRWDT?NOP                        
CM0                               00000000
CM1                               00000001
CM2                               00000002
CMCON                             0000001F
CMIE                              00000006
CMIF                              00000006
CODE_SIZE                         00000002
CREN                              00000004
CSRC                              00000007
DATA_CP_OFF                       00003FFF
DATA_CP_ON                        00003EFF
MPASM  5.44                      MICROC~1.ASM   3-3-2020  12:45:46         PAGE 20


SYMBOL TABLE
  LABEL                             VALUE 

DC                                00000001
DEBUGIN_BIT                       00000000
DEBUGIN_MODE                      00000001
DEBUGIN_REG                       00000006
DEBUG_BAUD                        00000960
DEBUG_BIT                         00000000
DEBUG_DELAY                       00000193
DEBUG_MODE                        00000001
DEBUG_REG                         00000006
EEADR                             0000009B
EECON1                            0000009C
EECON2                            0000009D
EEDATA                            0000009A
EEIE                              00000007
EEIF                              00000007
EEPROM_END                        0000217F
EEPROM_START                      00002100
F                                 00000001
FERR                              00000002
FLAGS                             00000032
FSR                               00000004
GIE                               00000007
GOP                               00000033
HSER_BAUD                         00000960
HSER_BITS                         00000008
HSER_RCSTA                        00000090
HSER_SPBRG                        00000019
HSER_TXSTA                        00000020
I2CFIRSTFLAG                      FLAGS, 2
I2CREADFLAG                       FLAGS, 3
I2CSTOPFLAG                       FLAGS, 5
I2CSTOPSTRFLAG                    FLAGS, 6
I2CWRITEFLAG                      FLAGS, 4
INDF                              00000000
INIT                              00000001
INTCON                            0000000B
INTE                              00000004
INTEDG                            00000006
INTF                              00000001
IRP                               00000007
L?CALL                            
L?GOTO                            
LCDCDFLAG                         FLAGS, 0
LCDINITFLAG                       FLAGS, 1
LCD_BITS                          00000004
LCD_COMMANDUS                     000007D0
LCD_DATAUS                        00000032
LCD_DBIT                          00000000
LCD_DREG                          00000005
LCD_EBIT                          00000003
LCD_EREG                          00000006
LCD_LINES                         00000002
LCD_RSBIT                         00000004
MPASM  5.44                      MICROC~1.ASM   3-3-2020  12:45:46         PAGE 21


SYMBOL TABLE
  LABEL                             VALUE 

LCD_RSREG                         00000005
LCD_RWBIT                         00000004
LCD_RWREG                         00000005
MOVE?AB                           
MOVE?AT                           
MOVE?AW                           
MOVE?AWW                          
MOVE?BA                           
MOVE?BB                           
MOVE?BT                           
MOVE?BW                           
MOVE?CA                           
MOVE?CB                           
MOVE?CT                           
MOVE?CW                           
MOVE?TA                           
MOVE?TB                           
MOVE?TT                           
MOVE?TW                           
MOVE?WA                           
MOVE?WB                           
MOVE?WT                           
MOVE?WW                           
MOVE?WWA                          
NOT_BO                            00000000
NOT_BOD                           00000000
NOT_BOR                           00000000
NOT_PD                            00000003
NOT_POR                           00000001
NOT_RBPU                          00000007
NOT_T1SYNC                        00000002
NOT_TO                            00000004
OERR                              00000001
OPTION_REG                        00000081
OSC                               00000004
OSCF                              00000003
OSC_VALID                         00000001
PCL                               00000002
PCLATH                            0000000A
PCON                              0000008E
PEIE                              00000006
PIE1                              0000008C
PIR1                              0000000C
PORTA                             00000005
PORTB                             00000006
PR2                               00000092
PREV_BANK                         00000000
PS0                               00000000
PS1                               00000001
PS2                               00000002
PSA                               00000003
R0                                00000020
R1                                00000022
MPASM  5.44                      MICROC~1.ASM   3-3-2020  12:45:46         PAGE 22


SYMBOL TABLE
  LABEL                             VALUE 

R2                                00000024
R3                                00000026
R4                                00000028
R5                                0000002A
R6                                0000002C
R7                                0000002E
R8                                00000030
RA0                               00000000
RA1                               00000001
RA2                               00000002
RA3                               00000003
RA4                               00000004
RA5                               00000005
RA6                               00000006
RA7                               00000007
RAM_BANKS                         00000003
RAM_END                           0000014F
RAM_START                         00000020
RB0                               00000000
RB1                               00000001
RB2                               00000002
RB3                               00000003
RB4                               00000004
RB5                               00000005
RB6                               00000006
RB7                               00000007
RBIE                              00000003
RBIF                              00000000
RCIE                              00000005
RCIF                              00000005
RCREG                             0000001A
RCSTA                             00000018
RD                                00000000
RESET_ORG                         00000000
RM1                               00000034
RM2                               00000035
RP0                               00000005
RP1                               00000006
RR1                               00000036
RR2                               00000037
RST?RP                            
RX9                               00000006
RX9D                              00000000
SPBRG                             00000099
SPEN                              00000007
SREN                              00000005
STATUS                            00000003
SYNC                              00000004
T0CS                              00000005
T0IE                              00000005
T0IF                              00000002
T0SE                              00000004
T1CKPS0                           00000004
MPASM  5.44                      MICROC~1.ASM   3-3-2020  12:45:46         PAGE 23


SYMBOL TABLE
  LABEL                             VALUE 

T1CKPS1                           00000005
T1CON                             00000010
T1OSCEN                           00000003
T2CKPS0                           00000000
T2CKPS1                           00000001
T2CON                             00000012
TMR0                              00000001
TMR0IE                            00000005
TMR0IF                            00000002
TMR1                              0000000E
TMR1CS                            00000001
TMR1H                             0000000F
TMR1IE                            00000000
TMR1IF                            00000000
TMR1L                             0000000E
TMR1ON                            00000000
TMR2                              00000011
TMR2IE                            00000001
TMR2IF                            00000001
TMR2ON                            00000002
TOUTPS0                           00000003
TOUTPS1                           00000004
TOUTPS2                           00000005
TOUTPS3                           00000006
TRISA                             00000085
TRISA0                            00000000
TRISA1                            00000001
TRISA2                            00000002
TRISA3                            00000003
TRISA4                            00000004
TRISA5                            00000005
TRISA6                            00000006
TRISA7                            00000007
TRISB                             00000086
TRISB0                            00000000
TRISB1                            00000001
TRISB2                            00000002
TRISB3                            00000003
TRISB4                            00000004
TRISB5                            00000005
TRISB6                            00000006
TRISB7                            00000007
TRMT                              00000001
TX9                               00000006
TX9D                              00000000
TXEN                              00000005
TXIE                              00000004
TXIF                              00000004
TXREG                             00000019
TXSTA                             00000098
VR0                               00000000
VR1                               00000001
VR2                               00000002
MPASM  5.44                      MICROC~1.ASM   3-3-2020  12:45:46         PAGE 24


SYMBOL TABLE
  LABEL                             VALUE 

VR3                               00000003
VRCON                             0000009F
VREN                              00000007
VROE                              00000006
VRR                               00000005
W                                 00000000
WR                                00000001
WREN                              00000002
WRERR                             00000003
Z                                 00000002
_BODEN_OFF                        00003FBF
_BODEN_ON                         00003FFF
_BOREN_OFF                        00003FBF
_BOREN_ON                         00003FFF
_CONFIG                           00002007
_CPD_OFF                          00003FFF
_CPD_ON                           00003EFF
_CP_50                            00002BFF
_CP_75                            000017FF
_CP_ALL                           000003FF
_CP_OFF                           00003FFF
_DEVID1                           00002006
_ER_OSC_CLKOUT                    00003FFF
_ER_OSC_NOCLKOUT                  00003FFE
_EXTCLK_OSC                       00003FEF
_FOSC_ECIO                        00003FEF
_FOSC_ERCLK                       00003FFF
_FOSC_ERIO                        00003FFE
_FOSC_HS                          00003FEE
_FOSC_INTOSCCLK                   00003FFD
_FOSC_INTOSCIO                    00003FFC
_FOSC_LP                          00003FEC
_FOSC_XT                          00003FED
_HS_OSC                           00003FEE
_IDLOC0                           00002000
_IDLOC1                           00002001
_IDLOC2                           00002002
_IDLOC3                           00002003
_INTRC_OSC_CLKOUT                 00003FFD
_INTRC_OSC_NOCLKOUT               00003FFC
_LP_OSC                           00003FEC
_LVP_OFF                          00003F7F
_LVP_ON                           00003FFF
_MCLRE_OFF                        00003FDF
_MCLRE_ON                         00003FFF
_PORTA??0                         PORTA, 000h
_PORTA??1                         PORTA, 001h
_PORTA??2                         PORTA, 002h
_PORTA??3                         PORTA, 003h
_PORTA??4                         PORTA, 004h
_PORTB??0                         PORTB, 000h
_PORTB??1                         PORTB, 001h
_PORTB??2                         PORTB, 002h
MPASM  5.44                      MICROC~1.ASM   3-3-2020  12:45:46         PAGE 25


SYMBOL TABLE
  LABEL                             VALUE 

_PORTH                            00000005
_PORTL                            00000006
_PWRTE_OFF                        00003FFF
_PWRTE_ON                         00003FF7
_TRISH                            00000085
_TRISL                            00000086
_USED                             00000001
_WDTE_OFF                         00003FFB
_WDTE_ON                          00003FFF
_WDT_OFF                          00003FFB
_WDT_ON                           00003FFF
_XT_OSC                           00003FED
__16F628                          00000001
main                              00000001


MEMORY USAGE MAP ('X' = Used,  '-' = Unused)

0000 : XXXXXXXXXXXXXXX- ---------------- ---------------- ----------------
2000 : -------X-------- ---------------- ---------------- ----------------

All other memory blocks unused.

Program Memory Words Used:    15
Program Memory Words Free:  2033


Errors   :     0
Warnings :     0 reported,     0 suppressed
Messages :     0 reported,     2 suppressed

